

## [1.4.0] - 2025-02-07
### Attention
- 由于12306官网一次性最多显示10张车票，而程序会将所有车票爬取，会出现购买非1-10号车票失败的错误，将于下个发布版本修复该问题

### Fixed
- 修复了没有直达车票直接判断无该方案车票的Bug
- 修复了运行时输出大量错误信息的Bug

### Changed
- 变更了模块一键安装的方法(py -> batch)

### Security
- 升级了计时器的判断逻辑

## [1.4.0-alpha] - 2025-02-06
### Attention
- 由于添加了购买中转车票功能，源代码改动较大，目前仍有暂未找到原因的Bug存在，但是不影响脚本的使用
- 脚本在运行时可能会输出大量的错误信息，若这些错误信息没有导致程序的中止，忽略即可
- 中转车票的表格列数较多，终端的默认窗口大小可能使其无法正确显示，后续将优化显示效果

### Added
- 添加了购买中转车票的功能
- 添加了乘客选择功能(config[passenger])，可以选择一个或多个乘客进行购票
- 添加了更新日志Update.log

###  Fixed
- 修复了预定车票界面触发ElementLostError的Bug

## [1.3.2] - 2025-02-05
### Fixed
- 修复了购票日期输入错误的Bug

## [1.3.1] - 2025-02-03
### Added
- 在 cities.json 中添加了 "宾阳"

### Fixed
- 修复了购票日期只能选取当日的问题

## [1.3.0] - 2025-01-07
### Changed
- 参考 @hans0809 在issue \\#7 中的逻辑，变更城市修正规则

### Removed
- 移除了城市修正规则包revise.py

## [1.2.2] - 2025-01-03
### Fixed
- 修复了install.bat运行错误的Bug

## [1.2.1] - 2024-12-31
### Changed
- 变更获取正确请求Url的逻辑(遍历 -> 多线程)
- 将"商务座"更名为"特等座"

### Removed
- 移除了手动刷新功能

### Security
- 优化了 import 语句块

## [1.2.0] - 2024-12-27
### Added
- 添加了两个Batch文件，使脚本运行更便捷

### Fixed
- 修复了请求Url错误的Bug

## [1.1.4] - 2024-12-26
### Changed
- 更换了键盘监听的模块(msvcrt -> keyboard)

## [1.1.4-alpha] - 2024-12-26
### Fixed
- 修复了刷新页面无间隔时间的Bug

## [1.1.3] - 2024-12-26
### Added
- 添加手动刷新功能

## [1.1.3-alpha.1] - 2024-12-24
### Added
- 添加了"西安"的修正规则

### Fixed
- 修复了请求Url错误的Bug

## [1.1.3-alpha] - 2024-11-07
### Fixed
- 修复了刷新页面时可能触发ElementLostError的Bug
- 修复了车票开售时没有刷新页面并抢票的Bug

## [1.1.2] - 2024-11-06
### Fixed
- 修复了车票未开售却试图点击预定按钮的Bug

## [1.1.1] - 2024-11-06
### Fixed
- 修复了输入车站信息后没有点击查询按钮的Bug

### Changed
- 将购买学生票的决策移至 config.yml 配置文件

## [1.1.0] - 2024-10-31
### Added
- 添加抢购未开售车票功能

## [1.0.4] - 2024-10-31
### Changed
- 将查询车票操作移至登录后，减少不必要的错误

## [1.0.3] - 2024-10-28
### Added
- 在 README.md 中添加免责声明

## [1.0.2] - 2024-10-28
### Added
- 添加购买学生票功能

### Changed
- 将实例化的浏览器端口设置为9333

## [1.0.1] - 2024-10-16
### Added
- 为脚本添加作者信息与Github仓库地址

## [1.0.0] - 2024-10-14
### Added
- 在 cities.json 中添加了 "怀化南"

## [0.1.0] - 2024-10-12
### Added
- 添加了搜索车站时结果选择的修正规则(revise.py)

## [0.0.1] - 2024-10-12
### Fixed
- 修复了浏览器查询车站时可能会查到与预期不符的结果的Bug

## [0.0.0] - 2024-10-12
### Added
- 首次发布脚本
